<?xml version="1.0" encoding="UTF-8"?>
<testsuite xmlns:xsi="http://www.w3.org/2001/XMLSchema-instance" xsi:noNamespaceSchemaLocation="https://maven.apache.org/surefire/maven-surefire-plugin/xsd/surefire-test-report.xsd" name="testRunner.TestRunner" time="57.13" tests="12" errors="0" skipped="0" failures="0">
  <properties>
[...]
</properties>
  <testcase name="Given User is on Techlistic Login page" classname="Scenario: Automate End to End Buy Order functionality" time="0.002"/>
  <testcase name="When User clicks on sign in providing Username and Password" classname="Scenario: Automate End to End Buy Order functionality" time="0.001"/>
  <testcase name="Then the Homepage is displayed" classname="Scenario: Automate End to End Buy Order functionality" time="0"/>
  <testcase name="When User clicks on T-Shirts submenu under Womens menu" classname="Scenario: Automate End to End Buy Order functionality" time="0"/>
  <testcase name="Then the T-Shirts list page is displayed" classname="Scenario: Automate End to End Buy Order functionality" time="0"/>
  <testcase name="When User clicks on More button on 1st T-Shirt" classname="Scenario: Automate End to End Buy Order functionality" time="0.001"/>
  <testcase name="Then the customize product page is displayed" classname="Scenario: Automate End to End Buy Order functionality" time="0"/>
  <testcase name="When User adds T-Shirt by customizing and clicks on checkout" classname="Scenario: Automate End to End Buy Order functionality" time="0"/>
  <testcase name="Then the Checkout page is displayed" classname="Scenario: Automate End to End Buy Order functionality" time="0"/>
  <testcase name="When User Checkout the T-Shirt by confirming" classname="Scenario: Automate End to End Buy Order functionality" time="0"/>
  <testcase name="Then the order Confirmation message is displayed" classname="Scenario: Automate End to End Buy Order functionality" time="0"/>
  <testcase name="Scenario: Automate End to End Buy Order functionality" classname="Scenario: Automate End to End Buy Order functionality" time="2.791"/>
</testsuite>